<?xml version="1.0" encoding="UTF-8"?>
<testng-results ignored="0" total="1" passed="1" failed="0" skipped="0">
  <reporter-output>
  </reporter-output>
  <suite started-at="2019-10-09T14:13:03 EDT" name="Default suite" finished-at="2019-10-09T14:13:37 EDT" duration-ms="34233">
    <groups>
    </groups>
    <test started-at="2019-10-09T14:13:03 EDT" name="Default test" finished-at="2019-10-09T14:13:37 EDT" duration-ms="34233">
      <class name="com.selenium.ExampleDatesOCS">
        <test-method signature="enterText()[pri:0, instance:com.selenium.ExampleDatesOCS@609db43b]" started-at="2019-10-09T14:13:03 EDT" name="enterText" finished-at="2019-10-09T14:13:37 EDT" duration-ms="34173" status="PASS">
          <reporter-output>
          </reporter-output>
        </test-method> <!-- enterText -->
      </class> <!-- com.selenium.ExampleDatesOCS -->
    </test> <!-- Default test -->
  </suite> <!-- Default suite -->
</testng-results>
